info: Microsoft.Hosting.Lifetime[14]
      Now listening on: http://localhost:5161
info: Microsoft.Hosting.Lifetime[0]
      Application started. Press Ctrl+C to shut down.
info: Microsoft.Hosting.Lifetime[0]
      Hosting environment: Development
info: Microsoft.Hosting.Lifetime[0]
      Content root path: /Users/dm/Documents/GitHub/BiblioFlow/Biblio.BackOffice
info: Microsoft.EntityFrameworkCore.Database.Command[20101]
      Executed DbCommand (33ms) [Parameters=[], CommandType='Text', CommandTimeout='30']
      SELECT COUNT(*)
      FROM [Books] AS [b]
info: Microsoft.EntityFrameworkCore.Database.Command[20101]
      Executed DbCommand (3ms) [Parameters=[], CommandType='Text', CommandTimeout='30']
      SELECT COUNT(*)
      FROM [Books] AS [b]
      WHERE [b].[PdfPath] IS NULL OR [b].[PdfPath] = N''
info: Microsoft.EntityFrameworkCore.Database.Command[20101]
      Executed DbCommand (2ms) [Parameters=[], CommandType='Text', CommandTimeout='30']
      SELECT COUNT(*)
      FROM [Loans] AS [l]
      WHERE [l].[ReturnedAt] IS NULL AND GETUTCDATE() <= [l].[DueAt]
info: Microsoft.EntityFrameworkCore.Database.Command[20101]
      Executed DbCommand (1ms) [Parameters=[], CommandType='Text', CommandTimeout='30']
      SELECT COUNT(*)
      FROM [Loans] AS [l]
      WHERE [l].[ReturnedAt] IS NULL AND GETUTCDATE() > [l].[DueAt]
info: Microsoft.EntityFrameworkCore.Database.Command[20101]
      Executed DbCommand (13ms) [Parameters=[@p='?' (DbType = Int32)], CommandType='Text', CommandTimeout='30']
      SELECT TOP(@p) [l].[BookId], COUNT(*) AS [Cnt]
      FROM [Loans] AS [l]
      GROUP BY [l].[BookId]
      ORDER BY COUNT(*) DESC
info: Microsoft.EntityFrameworkCore.Database.Command[20101]
      Executed DbCommand (1ms) [Parameters=[@t_BookId='?' (DbType = Int32)], CommandType='Text', CommandTimeout='30']
      SELECT TOP(1) [b].[Title]
      FROM [Books] AS [b]
      WHERE [b].[Id] = @t_BookId
info: Microsoft.EntityFrameworkCore.Database.Command[20101]
      Executed DbCommand (1ms) [Parameters=[], CommandType='Text', CommandTimeout='30']
      SELECT COUNT(*)
      FROM [Books] AS [b]
info: Microsoft.EntityFrameworkCore.Database.Command[20101]
      Executed DbCommand (1ms) [Parameters=[], CommandType='Text', CommandTimeout='30']
      SELECT COUNT(*)
      FROM [Books] AS [b]
      WHERE [b].[PdfPath] IS NULL OR [b].[PdfPath] = N''
info: Microsoft.EntityFrameworkCore.Database.Command[20101]
      Executed DbCommand (1ms) [Parameters=[], CommandType='Text', CommandTimeout='30']
      SELECT COUNT(*)
      FROM [Loans] AS [l]
      WHERE [l].[ReturnedAt] IS NULL AND GETUTCDATE() <= [l].[DueAt]
info: Microsoft.EntityFrameworkCore.Database.Command[20101]
      Executed DbCommand (1ms) [Parameters=[], CommandType='Text', CommandTimeout='30']
      SELECT COUNT(*)
      FROM [Loans] AS [l]
      WHERE [l].[ReturnedAt] IS NULL AND GETUTCDATE() > [l].[DueAt]
info: Microsoft.EntityFrameworkCore.Database.Command[20101]
      Executed DbCommand (1ms) [Parameters=[@p='?' (DbType = Int32)], CommandType='Text', CommandTimeout='30']
      SELECT TOP(@p) [l].[BookId], COUNT(*) AS [Cnt]
      FROM [Loans] AS [l]
      GROUP BY [l].[BookId]
      ORDER BY COUNT(*) DESC
info: Microsoft.EntityFrameworkCore.Database.Command[20101]
      Executed DbCommand (1ms) [Parameters=[@t_BookId='?' (DbType = Int32)], CommandType='Text', CommandTimeout='30']
      SELECT TOP(1) [b].[Title]
      FROM [Books] AS [b]
      WHERE [b].[Id] = @t_BookId
info: Biblio.BackOffice.Services.AdminAuditService[0]
      Audit: Creating event - Action=EXPORT_REPORT, EntityType=Report, AdminEmail=admin@biblio.local
info: Microsoft.EntityFrameworkCore.Database.Command[20101]
      Executed DbCommand (6ms) [Parameters=[@p0='?' (Size = 100), @p1='?' (Size = 256), @p2='?' (DbType = DateTime2), @p3='?' (Size = 4000), @p4='?' (Size = 100), @p5='?' (Size = 80), @p6='?' (Size = 64)], CommandType='Text', CommandTimeout='30']
      SET IMPLICIT_TRANSACTIONS OFF;
      SET NOCOUNT ON;
      INSERT INTO [AdminAuditEvents] ([Action], [AdminEmail], [CreatedAt], [Details], [EntityId], [EntityType], [IpAddress])
      OUTPUT INSERTED.[Id]
      VALUES (@p0, @p1, @p2, @p3, @p4, @p5, @p6);
info: Biblio.BackOffice.Services.AdminAuditService[0]
      Audit: Event saved successfully
warn: Microsoft.AspNetCore.Session.SessionMiddleware[7]
      Error unprotecting the session cookie.
      System.Security.Cryptography.CryptographicException: The payload was invalid. For more information go to https://aka.ms/aspnet/dataprotectionwarning
         at Microsoft.AspNetCore.DataProtection.Managed.ManagedAuthenticatedEncryptor.CalculateAndValidateMac(Byte[] payloadArray, Int32 ivOffset, Int32 macOffset, Int32 eofOffset, ReadOnlySpan`1 validationSubkey, Byte[] validationSubkeyArray)
         at Microsoft.AspNetCore.DataProtection.Managed.ManagedAuthenticatedEncryptor.Decrypt(ArraySegment`1 protectedPayload, ArraySegment`1 additionalAuthenticatedData)
         at Microsoft.AspNetCore.DataProtection.KeyManagement.KeyRingBasedDataProtector.UnprotectCore(Byte[] protectedData, Boolean allowOperationsOnRevokedKeys, UnprotectStatus& status)
         at Microsoft.AspNetCore.DataProtection.KeyManagement.KeyRingBasedDataProtector.Unprotect(Byte[] protectedData)
         at Microsoft.AspNetCore.Session.CookieProtection.Unprotect(IDataProtector protector, String protectedText, ILogger logger)
warn: Microsoft.AspNetCore.Session.SessionMiddleware[7]
      Error unprotecting the session cookie.
      System.Security.Cryptography.CryptographicException: The payload was invalid. For more information go to https://aka.ms/aspnet/dataprotectionwarning
         at Microsoft.AspNetCore.DataProtection.Managed.ManagedAuthenticatedEncryptor.CalculateAndValidateMac(Byte[] payloadArray, Int32 ivOffset, Int32 macOffset, Int32 eofOffset, ReadOnlySpan`1 validationSubkey, Byte[] validationSubkeyArray)
         at Microsoft.AspNetCore.DataProtection.Managed.ManagedAuthenticatedEncryptor.Decrypt(ArraySegment`1 protectedPayload, ArraySegment`1 additionalAuthenticatedData)
         at Microsoft.AspNetCore.DataProtection.KeyManagement.KeyRingBasedDataProtector.UnprotectCore(Byte[] protectedData, Boolean allowOperationsOnRevokedKeys, UnprotectStatus& status)
         at Microsoft.AspNetCore.DataProtection.KeyManagement.KeyRingBasedDataProtector.Unprotect(Byte[] protectedData)
         at Microsoft.AspNetCore.Session.CookieProtection.Unprotect(IDataProtector protector, String protectedText, ILogger logger)
warn: Microsoft.AspNetCore.Session.SessionMiddleware[7]
      Error unprotecting the session cookie.
      System.Security.Cryptography.CryptographicException: The payload was invalid. For more information go to https://aka.ms/aspnet/dataprotectionwarning
         at Microsoft.AspNetCore.DataProtection.Managed.ManagedAuthenticatedEncryptor.CalculateAndValidateMac(Byte[] payloadArray, Int32 ivOffset, Int32 macOffset, Int32 eofOffset, ReadOnlySpan`1 validationSubkey, Byte[] validationSubkeyArray)
         at Microsoft.AspNetCore.DataProtection.Managed.ManagedAuthenticatedEncryptor.Decrypt(ArraySegment`1 protectedPayload, ArraySegment`1 additionalAuthenticatedData)
         at Microsoft.AspNetCore.DataProtection.KeyManagement.KeyRingBasedDataProtector.UnprotectCore(Byte[] protectedData, Boolean allowOperationsOnRevokedKeys, UnprotectStatus& status)
         at Microsoft.AspNetCore.DataProtection.KeyManagement.KeyRingBasedDataProtector.Unprotect(Byte[] protectedData)
         at Microsoft.AspNetCore.Session.CookieProtection.Unprotect(IDataProtector protector, String protectedText, ILogger logger)
info: Microsoft.EntityFrameworkCore.Database.Command[20101]
      Executed DbCommand (1ms) [Parameters=[], CommandType='Text', CommandTimeout='30']
      SELECT COUNT(*)
      FROM [Books] AS [b]
info: Microsoft.EntityFrameworkCore.Database.Command[20101]
      Executed DbCommand (1ms) [Parameters=[], CommandType='Text', CommandTimeout='30']
      SELECT COUNT(*)
      FROM [Books] AS [b]
      WHERE [b].[PdfPath] IS NULL OR [b].[PdfPath] = N''
info: Microsoft.EntityFrameworkCore.Database.Command[20101]
      Executed DbCommand (1ms) [Parameters=[], CommandType='Text', CommandTimeout='30']
      SELECT COUNT(*)
      FROM [Loans] AS [l]
      WHERE [l].[ReturnedAt] IS NULL AND GETUTCDATE() <= [l].[DueAt]
info: Microsoft.EntityFrameworkCore.Database.Command[20101]
      Executed DbCommand (1ms) [Parameters=[], CommandType='Text', CommandTimeout='30']
      SELECT COUNT(*)
      FROM [Loans] AS [l]
      WHERE [l].[ReturnedAt] IS NULL AND GETUTCDATE() > [l].[DueAt]
info: Microsoft.EntityFrameworkCore.Database.Command[20101]
      Executed DbCommand (1ms) [Parameters=[@p='?' (DbType = Int32)], CommandType='Text', CommandTimeout='30']
      SELECT TOP(@p) [l].[BookId], COUNT(*) AS [Cnt]
      FROM [Loans] AS [l]
      GROUP BY [l].[BookId]
      ORDER BY COUNT(*) DESC
info: Microsoft.EntityFrameworkCore.Database.Command[20101]
      Executed DbCommand (1ms) [Parameters=[@t_BookId='?' (DbType = Int32)], CommandType='Text', CommandTimeout='30']
      SELECT TOP(1) [b].[Title]
      FROM [Books] AS [b]
      WHERE [b].[Id] = @t_BookId
info: Microsoft.EntityFrameworkCore.Database.Command[20101]
      Executed DbCommand (3ms) [Parameters=[], CommandType='Text', CommandTimeout='30']
      SELECT [b].[Id], [b].[Author], [b].[Category], [b].[PdfPath], [b].[Summary], [b].[Title], [b].[Year]
      FROM [Books] AS [b]
      ORDER BY [b].[Title]
info: Microsoft.EntityFrameworkCore.Database.Command[20101]
      Executed DbCommand (1ms) [Parameters=[], CommandType='Text', CommandTimeout='30']
      SELECT [b].[Id], [b].[Author], [b].[Category], [b].[PdfPath], [b].[Summary], [b].[Title], [b].[Year]
      FROM [Books] AS [b]
      ORDER BY [b].[Title]
info: Microsoft.EntityFrameworkCore.Database.Command[20101]
      Executed DbCommand (2ms) [Parameters=[], CommandType='Text', CommandTimeout='30']
      SELECT [b].[Id], [b].[Author], [b].[Category], [b].[PdfPath], [b].[Summary], [b].[Title], [b].[Year]
      FROM [Books] AS [b]
      ORDER BY [b].[Title]
info: Microsoft.EntityFrameworkCore.Database.Command[20101]
      Executed DbCommand (2ms) [Parameters=[], CommandType='Text', CommandTimeout='30']
      SELECT [b].[Id], [b].[Author], [b].[Category], [b].[PdfPath], [b].[Summary], [b].[Title], [b].[Year]
      FROM [Books] AS [b]
      ORDER BY [b].[Title]
info: Microsoft.EntityFrameworkCore.Database.Command[20101]
      Executed DbCommand (2ms) [Parameters=[], CommandType='Text', CommandTimeout='30']
      SELECT [b].[Id], [b].[Author], [b].[Category], [b].[PdfPath], [b].[Summary], [b].[Title], [b].[Year]
      FROM [Books] AS [b]
      ORDER BY [b].[Title]
info: Microsoft.EntityFrameworkCore.Database.Command[20101]
      Executed DbCommand (2ms) [Parameters=[], CommandType='Text', CommandTimeout='30']
      SELECT [b].[Id], [b].[Author], [b].[Category], [b].[PdfPath], [b].[Summary], [b].[Title], [b].[Year]
      FROM [Books] AS [b]
      ORDER BY [b].[Title]
info: Microsoft.EntityFrameworkCore.Database.Command[20101]
      Executed DbCommand (2ms) [Parameters=[], CommandType='Text', CommandTimeout='30']
      SELECT [b].[Id], [b].[Author], [b].[Category], [b].[PdfPath], [b].[Summary], [b].[Title], [b].[Year]
      FROM [Books] AS [b]
      ORDER BY [b].[Title]
